Performing C++ SOURCE FILE Test CMAKE_HAVE_LIBC_PTHREAD failed with the following output:
Change Dir: C:/Users/17129/Documents/zju/oop_cq/zword/build-zword-Desktop_Qt_6_5_0_MSVC2019_64bit-Debug/CMakeFiles/CMakeTmp

Run Build Command(s):D:/Anaconda/anaconda3/Library/bin/ninja.exe cmTC_4bcdb && [1/2] Building CXX object CMakeFiles\cmTC_4bcdb.dir\src.cxx.obj
FAILED: CMakeFiles/cmTC_4bcdb.dir/src.cxx.obj 
D:\SoftWare\visualstudio\Community\VC\Tools\MSVC\14.35.32215\bin\HostX64\x64\cl.exe  /nologo /TP -DCMAKE_HAVE_LIBC_PTHREAD  -DQT_QML_DEBUG /DWIN32 /D_WINDOWS /W3 /GR /EHsc  /MDd /Zi /Ob0 /Od /RTC1 -std:c++17 /showIncludes /FoCMakeFiles\cmTC_4bcdb.dir\src.cxx.obj /FdCMakeFiles\cmTC_4bcdb.dir\ /FS -c C:\Users\17129\Documents\zju\oop_cq\zword\build-zword-Desktop_Qt_6_5_0_MSVC2019_64bit-Debug\CMakeFiles\CMakeTmp\src.cxx
C:\Users\17129\Documents\zju\oop_cq\zword\build-zword-Desktop_Qt_6_5_0_MSVC2019_64bit-Debug\CMakeFiles\CMakeTmp\src.cxx(1): fatal error C1083: 无法打开包括文件: “pthread.h”: No such file or directory
ninja: build stopped: subcommand failed.


Source file was:
#include <pthread.h>

static void* test_func(void* data)
{
  return data;
}

int main(void)
{
  pthread_t thread;
  pthread_create(&thread, NULL, test_func, NULL);
  pthread_detach(thread);
  pthread_cancel(thread);
  pthread_join(thread, NULL);
  pthread_atfork(NULL, NULL, NULL);
  pthread_exit(NULL);

  return 0;
}

Determining if the function pthread_create exists in the pthreads failed with the following output:
Change Dir: C:/Users/17129/Documents/zju/oop_cq/zword/build-zword-Desktop_Qt_6_5_0_MSVC2019_64bit-Debug/CMakeFiles/CMakeTmp

Run Build Command(s):D:/Anaconda/anaconda3/Library/bin/ninja.exe cmTC_7a298 && [1/2] Building CXX object CMakeFiles\cmTC_7a298.dir\CheckFunctionExists.cxx.obj
[2/2] Linking CXX executable cmTC_7a298.exe
FAILED: cmTC_7a298.exe 
cmd.exe /C "cd . && D:\SoftWare\qt\Qt\Tools\CMake_64\bin\cmake.exe -E vs_link_exe --intdir=CMakeFiles\cmTC_7a298.dir --rc=C:\PROGRA~2\WI3CF2~1\10\bin\100220~1.0\x64\rc.exe --mt=C:\PROGRA~2\WI3CF2~1\10\bin\100220~1.0\x64\mt.exe --manifests  -- D:\SoftWare\visualstudio\Community\VC\Tools\MSVC\14.35.32215\bin\Hostx64\x64\link.exe /nologo CMakeFiles\cmTC_7a298.dir\CheckFunctionExists.cxx.obj  /out:cmTC_7a298.exe /implib:cmTC_7a298.lib /pdb:cmTC_7a298.pdb /version:0.0 /machine:x64  /debug /INCREMENTAL /subsystem:console  pthreads.lib  kernel32.lib user32.lib gdi32.lib winspool.lib shell32.lib ole32.lib oleaut32.lib uuid.lib comdlg32.lib advapi32.lib && cd ."
LINK Pass 1: command "D:\SoftWare\visualstudio\Community\VC\Tools\MSVC\14.35.32215\bin\Hostx64\x64\link.exe /nologo CMakeFiles\cmTC_7a298.dir\CheckFunctionExists.cxx.obj /out:cmTC_7a298.exe /implib:cmTC_7a298.lib /pdb:cmTC_7a298.pdb /version:0.0 /machine:x64 /debug /INCREMENTAL /subsystem:console pthreads.lib kernel32.lib user32.lib gdi32.lib winspool.lib shell32.lib ole32.lib oleaut32.lib uuid.lib comdlg32.lib advapi32.lib /MANIFEST /MANIFESTFILE:CMakeFiles\cmTC_7a298.dir/intermediate.manifest CMakeFiles\cmTC_7a298.dir/manifest.res" failed (exit code 1104) with the following output:
LINK : fatal error LNK1104: 无法打开文件“pthreads.lib”
ninja: build stopped: subcommand failed.



Determining if the function pthread_create exists in the pthread failed with the following output:
Change Dir: C:/Users/17129/Documents/zju/oop_cq/zword/build-zword-Desktop_Qt_6_5_0_MSVC2019_64bit-Debug/CMakeFiles/CMakeTmp

Run Build Command(s):D:/Anaconda/anaconda3/Library/bin/ninja.exe cmTC_11afe && [1/2] Building CXX object CMakeFiles\cmTC_11afe.dir\CheckFunctionExists.cxx.obj
[2/2] Linking CXX executable cmTC_11afe.exe
FAILED: cmTC_11afe.exe 
cmd.exe /C "cd . && D:\SoftWare\qt\Qt\Tools\CMake_64\bin\cmake.exe -E vs_link_exe --intdir=CMakeFiles\cmTC_11afe.dir --rc=C:\PROGRA~2\WI3CF2~1\10\bin\100220~1.0\x64\rc.exe --mt=C:\PROGRA~2\WI3CF2~1\10\bin\100220~1.0\x64\mt.exe --manifests  -- D:\SoftWare\visualstudio\Community\VC\Tools\MSVC\14.35.32215\bin\Hostx64\x64\link.exe /nologo CMakeFiles\cmTC_11afe.dir\CheckFunctionExists.cxx.obj  /out:cmTC_11afe.exe /implib:cmTC_11afe.lib /pdb:cmTC_11afe.pdb /version:0.0 /machine:x64  /debug /INCREMENTAL /subsystem:console  pthread.lib  kernel32.lib user32.lib gdi32.lib winspool.lib shell32.lib ole32.lib oleaut32.lib uuid.lib comdlg32.lib advapi32.lib && cd ."
LINK Pass 1: command "D:\SoftWare\visualstudio\Community\VC\Tools\MSVC\14.35.32215\bin\Hostx64\x64\link.exe /nologo CMakeFiles\cmTC_11afe.dir\CheckFunctionExists.cxx.obj /out:cmTC_11afe.exe /implib:cmTC_11afe.lib /pdb:cmTC_11afe.pdb /version:0.0 /machine:x64 /debug /INCREMENTAL /subsystem:console pthread.lib kernel32.lib user32.lib gdi32.lib winspool.lib shell32.lib ole32.lib oleaut32.lib uuid.lib comdlg32.lib advapi32.lib /MANIFEST /MANIFESTFILE:CMakeFiles\cmTC_11afe.dir/intermediate.manifest CMakeFiles\cmTC_11afe.dir/manifest.res" failed (exit code 1104) with the following output:
LINK : fatal error LNK1104: 无法打开文件“pthread.lib”
ninja: build stopped: subcommand failed.



